<?xml version="1.0" encoding="UTF-8"?>
<!-- Generated by org.testng.reporters.JUnitReportReporter -->
<testsuite hostname="INLEN8520073988" failures="0" tests="1" name="TestRunner.testrunner_ProductDetails_2" time="23.423" errors="0" timestamp="2023-06-04T21:44:53 IST" skipped="0">
  <testcase classname="TestRunner.testrunner_ProductDetails_2" name="runScenario" time="23.423"/>
  <system-out/>
</testsuite> <!-- TestRunner.testrunner_ProductDetails_2 -->
