<?xml version="1.0" encoding="UTF-8"?>
<!-- Generated by org.testng.reporters.JUnitReportReporter -->
<testsuite hostname="INLEN8520073988" failures="0" tests="2" name="TestRunner.testrunner_ProductNameOutline" time="15.100" errors="0" timestamp="2023-06-08T12:33:10 IST" skipped="0">
  <testcase classname="TestRunner.testrunner_ProductNameOutline" name="f" time="0.000"/>
  <system-out/>
  <testcase classname="TestRunner.testrunner_ProductNameOutline" name="runScenario" time="15.100"/>
  <system-out/>
</testsuite> <!-- TestRunner.testrunner_ProductNameOutline -->
