<?xml version="1.0" encoding="UTF-8"?>
<!-- Generated by org.testng.reporters.JUnitReportReporter -->
<testsuite hostname="INLEN8520073988" failures="0" tests="2" name="TestRunner.testrunner_LoginOutline" time="15.205" errors="0" timestamp="2023-06-08T12:05:47 IST" skipped="0">
  <testcase classname="TestRunner.testrunner_LoginOutline" name="runScenario" time="15.205"/>
  <system-out/>
  <testcase classname="TestRunner.testrunner_LoginOutline" name="f" time="0.000"/>
  <system-out/>
</testsuite> <!-- TestRunner.testrunner_LoginOutline -->
