<?xml version="1.0" encoding="UTF-8"?>
<!-- Generated by org.testng.reporters.JUnitReportReporter -->
<testsuite hostname="INLEN8520073988" failures="0" tests="1" name="TestRunner.teatrunner_excelreader" time="38.431" errors="0" timestamp="2023-06-08T13:04:39 IST" skipped="0">
  <testcase classname="TestRunner.teatrunner_excelreader" name="runScenario" time="38.431"/>
  <system-out/>
</testsuite> <!-- TestRunner.teatrunner_excelreader -->
