<?xml version="1.0" encoding="UTF-8"?>
<!-- Generated by org.testng.reporters.JUnitReportReporter -->
<testsuite hostname="INLEN8520073988" failures="0" tests="4" name="TestRunner.testrunner_productDetails" time="92.745" errors="0" timestamp="2023-06-08T12:32:42 IST" skipped="0">
  <testcase classname="TestRunner.testrunner_productDetails" name="runScenario" time="13.217"/>
  <system-out/>
  <testcase classname="TestRunner.testrunner_productDetails" name="runScenario" time="47.010"/>
  <system-out/>
  <testcase classname="TestRunner.testrunner_productDetails" name="runScenario" time="10.227"/>
  <system-out/>
  <testcase classname="TestRunner.testrunner_productDetails" name="runScenario" time="22.291"/>
  <system-out/>
</testsuite> <!-- TestRunner.testrunner_productDetails -->
